<?xml version="1.0" encoding="UTF-8"?>
<!-- Generated by org.testng.reporters.JUnitXMLReporter -->
<testsuite ignored="0" hostname="Harison" failures="0" tests="7" name="Surefire test" time="0.725" errors="0" timestamp="26 May 2022 00:25:36 GMT">
  <testcase classname="tokyo.huyhieu.cukcuk.repository.CategoryRepositoryNGTest" name="testEdit" time="0.48"/>
  <testcase classname="tokyo.huyhieu.cukcuk.repository.CategoryRepositoryNGTest" name="testFindAll" time="0.069"/>
  <testcase classname="tokyo.huyhieu.cukcuk.repository.CategoryRepositoryNGTest" name="testFindById" time="0.025"/>
  <testcase classname="tokyo.huyhieu.cukcuk.repository.CategoryRepositoryNGTest" name="testInsert" time="0.047"/>
  <testcase classname="tokyo.huyhieu.cukcuk.repository.CategoryRepositoryNGTest" name="testRemove" time="0.071"/>
  <testcase classname="tokyo.huyhieu.cukcuk.repository.CategoryRepositoryNGTest" name="testRemoveWithEmpyId" time="0.001"/>
  <testcase classname="tokyo.huyhieu.cukcuk.repository.CategoryRepositoryNGTest" name="testRemoveWithNullId" time="0.001"/>
</testsuite> <!-- Surefire test -->
