<?xml version="1.0" encoding="UTF-8"?>
<!-- Generated by org.testng.reporters.JUnitXMLReporter -->
<testsuite hostname="Harison" failures="0" tests="4" name="Command line test" time="0.023" errors="0" timestamp="25 May 2022 06:20:37 GMT">
  <testcase classname="tokyo.huyhieu.cukcuk.model.CategoryNGTest" name="testGetId" time="0.003"/>
  <testcase classname="tokyo.huyhieu.cukcuk.model.CategoryNGTest" name="testGetName" time="0.0"/>
  <testcase classname="tokyo.huyhieu.cukcuk.model.CategoryNGTest" name="testSetId" time="0.0"/>
  <testcase classname="tokyo.huyhieu.cukcuk.model.CategoryNGTest" name="testSetName" time="0.0"/>
</testsuite> <!-- Command line test -->
