<?xml version="1.0" encoding="UTF-8"?>
<testng-results ignored="0" total="4" passed="4" failed="0" skipped="0">
  <reporter-output>
  </reporter-output>
  <suite started-at="2022-05-31T11:55:24Z" name="Surefire suite" finished-at="2022-05-31T11:55:24Z" duration-ms="42">
    <groups>
    </groups>
    <test started-at="2022-05-31T11:55:24Z" name="Surefire test" finished-at="2022-05-31T11:55:24Z" duration-ms="42">
      <class name="tokyo.huyhieu.cukcuk.model.CategoryNGTest">
        <test-method is-config="true" signature="setUpClass()[pri:0, instance:tokyo.huyhieu.cukcuk.model.CategoryNGTest@71a794e5]" started-at="2022-05-31T11:55:24Z" name="setUpClass" finished-at="2022-05-31T11:55:24Z" duration-ms="11" status="PASS">
          <reporter-output>
          </reporter-output>
        </test-method> <!-- setUpClass -->
        <test-method is-config="true" signature="setUpMethod()[pri:0, instance:tokyo.huyhieu.cukcuk.model.CategoryNGTest@71a794e5]" started-at="2022-05-31T11:55:24Z" name="setUpMethod" finished-at="2022-05-31T11:55:24Z" duration-ms="0" status="PASS">
          <reporter-output>
          </reporter-output>
        </test-method> <!-- setUpMethod -->
        <test-method signature="testGetId()[pri:0, instance:tokyo.huyhieu.cukcuk.model.CategoryNGTest@71a794e5]" started-at="2022-05-31T11:55:24Z" name="testGetId" finished-at="2022-05-31T11:55:24Z" duration-ms="5" status="PASS">
          <reporter-output>
          </reporter-output>
        </test-method> <!-- testGetId -->
        <test-method is-config="true" signature="setUpMethod()[pri:0, instance:tokyo.huyhieu.cukcuk.model.CategoryNGTest@71a794e5]" started-at="2022-05-31T11:55:24Z" name="setUpMethod" finished-at="2022-05-31T11:55:24Z" duration-ms="1" status="PASS">
          <reporter-output>
          </reporter-output>
        </test-method> <!-- setUpMethod -->
        <test-method is-config="true" signature="tearDownMethod()[pri:0, instance:tokyo.huyhieu.cukcuk.model.CategoryNGTest@71a794e5]" started-at="2022-05-31T11:55:24Z" name="tearDownMethod" finished-at="2022-05-31T11:55:24Z" duration-ms="0" status="PASS">
          <reporter-output>
          </reporter-output>
        </test-method> <!-- tearDownMethod -->
        <test-method signature="testGetName()[pri:0, instance:tokyo.huyhieu.cukcuk.model.CategoryNGTest@71a794e5]" started-at="2022-05-31T11:55:24Z" name="testGetName" finished-at="2022-05-31T11:55:24Z" duration-ms="0" status="PASS">
          <reporter-output>
          </reporter-output>
        </test-method> <!-- testGetName -->
        <test-method signature="testSetId()[pri:0, instance:tokyo.huyhieu.cukcuk.model.CategoryNGTest@71a794e5]" started-at="2022-05-31T11:55:24Z" name="testSetId" finished-at="2022-05-31T11:55:24Z" duration-ms="1" status="PASS">
          <reporter-output>
          </reporter-output>
        </test-method> <!-- testSetId -->
        <test-method is-config="true" signature="setUpMethod()[pri:0, instance:tokyo.huyhieu.cukcuk.model.CategoryNGTest@71a794e5]" started-at="2022-05-31T11:55:24Z" name="setUpMethod" finished-at="2022-05-31T11:55:24Z" duration-ms="0" status="PASS">
          <reporter-output>
          </reporter-output>
        </test-method> <!-- setUpMethod -->
        <test-method is-config="true" signature="tearDownMethod()[pri:0, instance:tokyo.huyhieu.cukcuk.model.CategoryNGTest@71a794e5]" started-at="2022-05-31T11:55:24Z" name="tearDownMethod" finished-at="2022-05-31T11:55:24Z" duration-ms="0" status="PASS">
          <reporter-output>
          </reporter-output>
        </test-method> <!-- tearDownMethod -->
        <test-method is-config="true" signature="tearDownMethod()[pri:0, instance:tokyo.huyhieu.cukcuk.model.CategoryNGTest@71a794e5]" started-at="2022-05-31T11:55:24Z" name="tearDownMethod" finished-at="2022-05-31T11:55:24Z" duration-ms="0" status="PASS">
          <reporter-output>
          </reporter-output>
        </test-method> <!-- tearDownMethod -->
        <test-method signature="testSetName()[pri:0, instance:tokyo.huyhieu.cukcuk.model.CategoryNGTest@71a794e5]" started-at="2022-05-31T11:55:24Z" name="testSetName" finished-at="2022-05-31T11:55:24Z" duration-ms="0" status="PASS">
          <reporter-output>
          </reporter-output>
        </test-method> <!-- testSetName -->
        <test-method is-config="true" signature="setUpMethod()[pri:0, instance:tokyo.huyhieu.cukcuk.model.CategoryNGTest@71a794e5]" started-at="2022-05-31T11:55:24Z" name="setUpMethod" finished-at="2022-05-31T11:55:24Z" duration-ms="0" status="PASS">
          <reporter-output>
          </reporter-output>
        </test-method> <!-- setUpMethod -->
        <test-method is-config="true" signature="tearDownClass()[pri:0, instance:tokyo.huyhieu.cukcuk.model.CategoryNGTest@71a794e5]" started-at="2022-05-31T11:55:24Z" name="tearDownClass" finished-at="2022-05-31T11:55:24Z" duration-ms="0" status="PASS">
          <reporter-output>
          </reporter-output>
        </test-method> <!-- tearDownClass -->
        <test-method is-config="true" signature="tearDownMethod()[pri:0, instance:tokyo.huyhieu.cukcuk.model.CategoryNGTest@71a794e5]" started-at="2022-05-31T11:55:24Z" name="tearDownMethod" finished-at="2022-05-31T11:55:24Z" duration-ms="0" status="PASS">
          <reporter-output>
          </reporter-output>
        </test-method> <!-- tearDownMethod -->
      </class> <!-- tokyo.huyhieu.cukcuk.model.CategoryNGTest -->
    </test> <!-- Surefire test -->
  </suite> <!-- Surefire suite -->
</testng-results>
