<?xml version="1.0" encoding="UTF-8"?>
<testng-results ignored="0" total="7" passed="7" failed="0" skipped="0">
  <reporter-output>
  </reporter-output>
  <suite started-at="2022-05-26T00:25:36Z" name="Surefire suite" finished-at="2022-05-26T00:25:36Z" duration-ms="725">
    <groups>
    </groups>
    <test started-at="2022-05-26T00:25:36Z" name="Surefire test" finished-at="2022-05-26T00:25:36Z" duration-ms="725">
      <class name="tokyo.huyhieu.cukcuk.repository.CategoryRepositoryNGTest">
        <test-method is-config="true" signature="setUpClass()[pri:0, instance:tokyo.huyhieu.cukcuk.repository.CategoryRepositoryNGTest@b59d31]" started-at="2022-05-26T00:25:36Z" name="setUpClass" finished-at="2022-05-26T00:25:36Z" duration-ms="11" status="PASS">
          <reporter-output>
          </reporter-output>
        </test-method> <!-- setUpClass -->
        <test-method is-config="true" signature="setUpMethod()[pri:0, instance:tokyo.huyhieu.cukcuk.repository.CategoryRepositoryNGTest@b59d31]" started-at="2022-05-26T00:25:36Z" name="setUpMethod" finished-at="2022-05-26T00:25:36Z" duration-ms="0" status="PASS">
          <reporter-output>
          </reporter-output>
        </test-method> <!-- setUpMethod -->
        <test-method signature="testEdit()[pri:0, instance:tokyo.huyhieu.cukcuk.repository.CategoryRepositoryNGTest@b59d31]" started-at="2022-05-26T00:25:36Z" name="testEdit" finished-at="2022-05-26T00:25:36Z" duration-ms="480" status="PASS">
          <reporter-output>
          </reporter-output>
        </test-method> <!-- testEdit -->
        <test-method is-config="true" signature="tearDownMethod()[pri:0, instance:tokyo.huyhieu.cukcuk.repository.CategoryRepositoryNGTest@b59d31]" started-at="2022-05-26T00:25:36Z" name="tearDownMethod" finished-at="2022-05-26T00:25:36Z" duration-ms="0" status="PASS">
          <reporter-output>
          </reporter-output>
        </test-method> <!-- tearDownMethod -->
        <test-method is-config="true" signature="setUpMethod()[pri:0, instance:tokyo.huyhieu.cukcuk.repository.CategoryRepositoryNGTest@b59d31]" started-at="2022-05-26T00:25:36Z" name="setUpMethod" finished-at="2022-05-26T00:25:36Z" duration-ms="0" status="PASS">
          <reporter-output>
          </reporter-output>
        </test-method> <!-- setUpMethod -->
        <test-method signature="testFindAll()[pri:0, instance:tokyo.huyhieu.cukcuk.repository.CategoryRepositoryNGTest@b59d31]" started-at="2022-05-26T00:25:36Z" name="testFindAll" finished-at="2022-05-26T00:25:36Z" duration-ms="69" status="PASS">
          <reporter-output>
          </reporter-output>
        </test-method> <!-- testFindAll -->
        <test-method is-config="true" signature="tearDownMethod()[pri:0, instance:tokyo.huyhieu.cukcuk.repository.CategoryRepositoryNGTest@b59d31]" started-at="2022-05-26T00:25:36Z" name="tearDownMethod" finished-at="2022-05-26T00:25:36Z" duration-ms="0" status="PASS">
          <reporter-output>
          </reporter-output>
        </test-method> <!-- tearDownMethod -->
        <test-method is-config="true" signature="setUpMethod()[pri:0, instance:tokyo.huyhieu.cukcuk.repository.CategoryRepositoryNGTest@b59d31]" started-at="2022-05-26T00:25:36Z" name="setUpMethod" finished-at="2022-05-26T00:25:36Z" duration-ms="1" status="PASS">
          <reporter-output>
          </reporter-output>
        </test-method> <!-- setUpMethod -->
        <test-method signature="testFindById()[pri:0, instance:tokyo.huyhieu.cukcuk.repository.CategoryRepositoryNGTest@b59d31]" started-at="2022-05-26T00:25:36Z" name="testFindById" finished-at="2022-05-26T00:25:36Z" duration-ms="25" status="PASS">
          <reporter-output>
          </reporter-output>
        </test-method> <!-- testFindById -->
        <test-method is-config="true" signature="tearDownMethod()[pri:0, instance:tokyo.huyhieu.cukcuk.repository.CategoryRepositoryNGTest@b59d31]" started-at="2022-05-26T00:25:36Z" name="tearDownMethod" finished-at="2022-05-26T00:25:36Z" duration-ms="0" status="PASS">
          <reporter-output>
          </reporter-output>
        </test-method> <!-- tearDownMethod -->
        <test-method is-config="true" signature="setUpMethod()[pri:0, instance:tokyo.huyhieu.cukcuk.repository.CategoryRepositoryNGTest@b59d31]" started-at="2022-05-26T00:25:36Z" name="setUpMethod" finished-at="2022-05-26T00:25:36Z" duration-ms="0" status="PASS">
          <reporter-output>
          </reporter-output>
        </test-method> <!-- setUpMethod -->
        <test-method signature="testInsert()[pri:0, instance:tokyo.huyhieu.cukcuk.repository.CategoryRepositoryNGTest@b59d31]" started-at="2022-05-26T00:25:36Z" name="testInsert" finished-at="2022-05-26T00:25:36Z" duration-ms="47" status="PASS">
          <reporter-output>
          </reporter-output>
        </test-method> <!-- testInsert -->
        <test-method signature="testRemove()[pri:0, instance:tokyo.huyhieu.cukcuk.repository.CategoryRepositoryNGTest@b59d31]" started-at="2022-05-26T00:25:36Z" name="testRemove" finished-at="2022-05-26T00:25:36Z" duration-ms="71" status="PASS">
          <reporter-output>
          </reporter-output>
        </test-method> <!-- testRemove -->
        <test-method is-config="true" signature="setUpMethod()[pri:0, instance:tokyo.huyhieu.cukcuk.repository.CategoryRepositoryNGTest@b59d31]" started-at="2022-05-26T00:25:36Z" name="setUpMethod" finished-at="2022-05-26T00:25:36Z" duration-ms="0" status="PASS">
          <reporter-output>
          </reporter-output>
        </test-method> <!-- setUpMethod -->
        <test-method is-config="true" signature="tearDownMethod()[pri:0, instance:tokyo.huyhieu.cukcuk.repository.CategoryRepositoryNGTest@b59d31]" started-at="2022-05-26T00:25:36Z" name="tearDownMethod" finished-at="2022-05-26T00:25:36Z" duration-ms="0" status="PASS">
          <reporter-output>
          </reporter-output>
        </test-method> <!-- tearDownMethod -->
        <test-method is-config="true" signature="tearDownMethod()[pri:0, instance:tokyo.huyhieu.cukcuk.repository.CategoryRepositoryNGTest@b59d31]" started-at="2022-05-26T00:25:36Z" name="tearDownMethod" finished-at="2022-05-26T00:25:36Z" duration-ms="0" status="PASS">
          <reporter-output>
          </reporter-output>
        </test-method> <!-- tearDownMethod -->
        <test-method signature="testRemoveWithEmpyId()[pri:0, instance:tokyo.huyhieu.cukcuk.repository.CategoryRepositoryNGTest@b59d31]" started-at="2022-05-26T00:25:36Z" name="testRemoveWithEmpyId" finished-at="2022-05-26T00:25:36Z" duration-ms="1" status="PASS">
          <exception class="java.lang.NumberFormatException">
            <message>
              <![CDATA[For input string: ""]]>
            </message>
            <full-stacktrace>
              <![CDATA[java.lang.NumberFormatException: For input string: ""
at java.base/java.lang.NumberFormatException.forInputString(NumberFormatException.java:67)
at java.base/java.lang.Long.parseLong(Long.java:721)
at java.base/java.lang.Long.valueOf(Long.java:1163)
at tokyo.huyhieu.cukcuk.repository.CategoryRepositoryNGTest.testRemoveWithEmpyId(CategoryRepositoryNGTest.java:99)
at java.base/jdk.internal.reflect.NativeMethodAccessorImpl.invoke0(Native Method)
at java.base/jdk.internal.reflect.NativeMethodAccessorImpl.invoke(NativeMethodAccessorImpl.java:77)
at java.base/jdk.internal.reflect.DelegatingMethodAccessorImpl.invoke(DelegatingMethodAccessorImpl.java:43)
at java.base/java.lang.reflect.Method.invoke(Method.java:568)
at org.testng.internal.MethodInvocationHelper.invokeMethod(MethodInvocationHelper.java:124)
at org.testng.internal.Invoker.invokeMethod(Invoker.java:583)
at org.testng.internal.Invoker.invokeTestMethod(Invoker.java:719)
at org.testng.internal.Invoker.invokeTestMethods(Invoker.java:989)
at org.testng.internal.TestMethodWorker.invokeTestMethods(TestMethodWorker.java:125)
at org.testng.internal.TestMethodWorker.run(TestMethodWorker.java:109)
at org.testng.TestRunner.privateRun(TestRunner.java:648)
at org.testng.TestRunner.run(TestRunner.java:505)
at org.testng.SuiteRunner.runTest(SuiteRunner.java:455)
at org.testng.SuiteRunner.runSequentially(SuiteRunner.java:450)
at org.testng.SuiteRunner.privateRun(SuiteRunner.java:415)
at org.testng.SuiteRunner.run(SuiteRunner.java:364)
at org.testng.SuiteRunnerWorker.runSuite(SuiteRunnerWorker.java:52)
at org.testng.SuiteRunnerWorker.run(SuiteRunnerWorker.java:84)
at org.testng.TestNG.runSuitesSequentially(TestNG.java:1208)
at org.testng.TestNG.runSuitesLocally(TestNG.java:1137)
at org.testng.TestNG.runSuites(TestNG.java:1049)
at org.testng.TestNG.run(TestNG.java:1017)
at org.apache.maven.surefire.testng.TestNGExecutor.run(TestNGExecutor.java:151)
at org.apache.maven.surefire.testng.TestNGDirectoryTestSuite.executeSingleClass(TestNGDirectoryTestSuite.java:111)
at org.apache.maven.surefire.testng.TestNGDirectoryTestSuite.execute(TestNGDirectoryTestSuite.java:98)
at org.apache.maven.surefire.testng.TestNGProvider.invoke(TestNGProvider.java:155)
at org.apache.maven.surefire.booter.ForkedBooter.runSuitesInProcess(ForkedBooter.java:456)
at org.apache.maven.surefire.booter.ForkedBooter.execute(ForkedBooter.java:169)
at org.apache.maven.surefire.booter.ForkedBooter.run(ForkedBooter.java:595)
at org.apache.maven.surefire.booter.ForkedBooter.main(ForkedBooter.java:581)
]]>
            </full-stacktrace>
          </exception> <!-- java.lang.NumberFormatException -->
          <reporter-output>
          </reporter-output>
        </test-method> <!-- testRemoveWithEmpyId -->
        <test-method is-config="true" signature="setUpMethod()[pri:0, instance:tokyo.huyhieu.cukcuk.repository.CategoryRepositoryNGTest@b59d31]" started-at="2022-05-26T00:25:36Z" name="setUpMethod" finished-at="2022-05-26T00:25:36Z" duration-ms="0" status="PASS">
          <reporter-output>
          </reporter-output>
        </test-method> <!-- setUpMethod -->
        <test-method is-config="true" signature="tearDownMethod()[pri:0, instance:tokyo.huyhieu.cukcuk.repository.CategoryRepositoryNGTest@b59d31]" started-at="2022-05-26T00:25:36Z" name="tearDownMethod" finished-at="2022-05-26T00:25:36Z" duration-ms="0" status="PASS">
          <reporter-output>
          </reporter-output>
        </test-method> <!-- tearDownMethod -->
        <test-method signature="testRemoveWithNullId()[pri:0, instance:tokyo.huyhieu.cukcuk.repository.CategoryRepositoryNGTest@b59d31]" started-at="2022-05-26T00:25:36Z" name="testRemoveWithNullId" finished-at="2022-05-26T00:25:36Z" duration-ms="1" status="PASS">
          <exception class="java.lang.NullPointerException">
            <message>
              <![CDATA[Cannot invoke "java.lang.Long.longValue()" because "id" is null]]>
            </message>
            <full-stacktrace>
              <![CDATA[java.lang.NullPointerException: Cannot invoke "java.lang.Long.longValue()" because "id" is null
at tokyo.huyhieu.cukcuk.repository.CategoryRepositoryNGTest.testRemoveWithNullId(CategoryRepositoryNGTest.java:93)
at java.base/jdk.internal.reflect.NativeMethodAccessorImpl.invoke0(Native Method)
at java.base/jdk.internal.reflect.NativeMethodAccessorImpl.invoke(NativeMethodAccessorImpl.java:77)
at java.base/jdk.internal.reflect.DelegatingMethodAccessorImpl.invoke(DelegatingMethodAccessorImpl.java:43)
at java.base/java.lang.reflect.Method.invoke(Method.java:568)
at org.testng.internal.MethodInvocationHelper.invokeMethod(MethodInvocationHelper.java:124)
at org.testng.internal.Invoker.invokeMethod(Invoker.java:583)
at org.testng.internal.Invoker.invokeTestMethod(Invoker.java:719)
at org.testng.internal.Invoker.invokeTestMethods(Invoker.java:989)
at org.testng.internal.TestMethodWorker.invokeTestMethods(TestMethodWorker.java:125)
at org.testng.internal.TestMethodWorker.run(TestMethodWorker.java:109)
at org.testng.TestRunner.privateRun(TestRunner.java:648)
at org.testng.TestRunner.run(TestRunner.java:505)
at org.testng.SuiteRunner.runTest(SuiteRunner.java:455)
at org.testng.SuiteRunner.runSequentially(SuiteRunner.java:450)
at org.testng.SuiteRunner.privateRun(SuiteRunner.java:415)
at org.testng.SuiteRunner.run(SuiteRunner.java:364)
at org.testng.SuiteRunnerWorker.runSuite(SuiteRunnerWorker.java:52)
at org.testng.SuiteRunnerWorker.run(SuiteRunnerWorker.java:84)
at org.testng.TestNG.runSuitesSequentially(TestNG.java:1208)
at org.testng.TestNG.runSuitesLocally(TestNG.java:1137)
at org.testng.TestNG.runSuites(TestNG.java:1049)
at org.testng.TestNG.run(TestNG.java:1017)
at org.apache.maven.surefire.testng.TestNGExecutor.run(TestNGExecutor.java:151)
at org.apache.maven.surefire.testng.TestNGDirectoryTestSuite.executeSingleClass(TestNGDirectoryTestSuite.java:111)
at org.apache.maven.surefire.testng.TestNGDirectoryTestSuite.execute(TestNGDirectoryTestSuite.java:98)
at org.apache.maven.surefire.testng.TestNGProvider.invoke(TestNGProvider.java:155)
at org.apache.maven.surefire.booter.ForkedBooter.runSuitesInProcess(ForkedBooter.java:456)
at org.apache.maven.surefire.booter.ForkedBooter.execute(ForkedBooter.java:169)
at org.apache.maven.surefire.booter.ForkedBooter.run(ForkedBooter.java:595)
at org.apache.maven.surefire.booter.ForkedBooter.main(ForkedBooter.java:581)
]]>
            </full-stacktrace>
          </exception> <!-- java.lang.NullPointerException -->
          <reporter-output>
          </reporter-output>
        </test-method> <!-- testRemoveWithNullId -->
        <test-method is-config="true" signature="setUpMethod()[pri:0, instance:tokyo.huyhieu.cukcuk.repository.CategoryRepositoryNGTest@b59d31]" started-at="2022-05-26T00:25:36Z" name="setUpMethod" finished-at="2022-05-26T00:25:36Z" duration-ms="0" status="PASS">
          <reporter-output>
          </reporter-output>
        </test-method> <!-- setUpMethod -->
        <test-method is-config="true" signature="tearDownMethod()[pri:0, instance:tokyo.huyhieu.cukcuk.repository.CategoryRepositoryNGTest@b59d31]" started-at="2022-05-26T00:25:36Z" name="tearDownMethod" finished-at="2022-05-26T00:25:36Z" duration-ms="0" status="PASS">
          <reporter-output>
          </reporter-output>
        </test-method> <!-- tearDownMethod -->
        <test-method is-config="true" signature="tearDownClass()[pri:0, instance:tokyo.huyhieu.cukcuk.repository.CategoryRepositoryNGTest@b59d31]" started-at="2022-05-26T00:25:36Z" name="tearDownClass" finished-at="2022-05-26T00:25:36Z" duration-ms="0" status="PASS">
          <reporter-output>
          </reporter-output>
        </test-method> <!-- tearDownClass -->
      </class> <!-- tokyo.huyhieu.cukcuk.repository.CategoryRepositoryNGTest -->
    </test> <!-- Surefire test -->
  </suite> <!-- Surefire suite -->
</testng-results>
